{
  "RSpec": {
    "coverage": {
      "/home/borisano/projects/salsify_line_server/app.rb": {
        "lines": [
          null,
          null,
          1,
          1,
          1,
          null,
          null,
          1,
          1,
          1,
          1,
          1,
          null,
          null,
          1,
          0,
          0,
          0,
          0,
          null,
          null,
          0,
          0,
          null,
          null,
          0,
          0,
          0,
          null,
          0,
          0,
          null,
          null,
          null,
          null,
          null,
          1,
          11,
          null,
          null,
          null,
          1,
          1,
          1,
          null,
          null,
          null,
          null,
          null,
          null,
          null,
          null,
          1,
          28,
          null,
          null,
          28,
          3,
          3,
          null,
          null,
          null,
          25,
          null,
          25,
          null,
          2,
          2,
          null,
          null,
          null,
          23,
          23,
          null,
          null,
          null,
          1,
          1,
          1,
          null,
          null,
          null,
          1,
          0,
          0,
          null,
          null,
          null,
          null,
          1,
          0
        ]
      },
      "/home/borisano/projects/salsify_line_server/lib/line_index.rb": {
        "lines": [
          null,
          null,
          1,
          null,
          null,
          1,
          1,
          null,
          1,
          22,
          22,
          21,
          null,
          21,
          21,
          21,
          null,
          21,
          null,
          null,
          null,
          null,
          1,
          142,
          null,
          136,
          136,
          null,
          null,
          136,
          126,
          null,
          10,
          null,
          null,
          null,
          136,
          136,
          null,
          133,
          133,
          133,
          null,
          133,
          null,
          null,
          0,
          0,
          null,
          null,
          1,
          null,
          null,
          1,
          21,
          null,
          20,
          null,
          20,
          20,
          null,
          null,
          20,
          20,
          null,
          65,
          25,
          359839,
          10080,
          null,
          10080,
          10061,
          10061,
          null,
          null,
          null,
          25,
          null,
          null,
          null,
          20,
          null,
          null,
          1,
          20,
          null,
          1,
          1,
          1,
          null,
          1,
          1,
          1,
          null,
          null,
          1,
          null,
          null
        ]
      }
    },
    "timestamp": 1756901481
  }
}
