{
  "RSpec": {
    "coverage": {
      "/home/borisano/projects/salsify_line_server/app.rb": {
        "lines": [
          null,
          null,
          1,
          1,
          1,
          1,
          null,
          null,
          1,
          1,
          1,
          1,
          1,
          null,
          null,
          1,
          0,
          0,
          0,
          0,
          null,
          null,
          0,
          0,
          null,
          null,
          0,
          0,
          0,
          null,
          0,
          0,
          null,
          null,
          null,
          null,
          null,
          1,
          11,
          null,
          null,
          null,
          1,
          1,
          1,
          null,
          null,
          null,
          null,
          null,
          null,
          null,
          null,
          1,
          28,
          null,
          null,
          28,
          3,
          3,
          null,
          null,
          null,
          25,
          null,
          25,
          null,
          2,
          2,
          null,
          null,
          null,
          23,
          23,
          null,
          null,
          null,
          1,
          1,
          1,
          null,
          null,
          null,
          1,
          0,
          0,
          null,
          null,
          null,
          null,
          1
        ]
      },
      "/home/borisano/projects/salsify_line_server/lib/line_index.rb": {
        "lines": [
          null,
          null,
          1,
          null,
          null,
          1,
          1,
          null,
          1,
          26,
          26,
          25,
          null,
          25,
          25,
          null,
          null,
          25,
          25,
          null,
          null,
          25,
          25,
          25,
          25,
          null,
          25,
          null,
          null,
          null,
          null,
          1,
          150,
          null,
          143,
          143,
          143,
          null,
          null,
          143,
          null,
          null,
          143,
          143,
          null,
          143,
          null,
          140,
          140,
          140,
          null,
          140,
          null,
          null,
          0,
          0,
          null,
          null,
          1,
          null,
          1,
          null,
          25,
          0,
          null,
          25,
          25,
          null,
          null,
          null,
          1,
          25,
          25,
          null,
          null,
          25,
          22,
          22,
          null,
          null,
          22,
          null,
          null,
          25,
          3,
          3,
          0,
          null,
          0,
          null,
          0,
          0,
          0,
          null,
          3,
          null,
          22,
          22,
          22,
          22,
          null,
          null,
          25,
          25,
          null,
          null,
          1,
          null,
          44,
          null,
          44,
          44,
          44,
          44,
          null,
          null,
          40,
          null,
          null,
          40,
          null,
          null,
          40,
          40,
          null,
          null,
          null,
          1,
          22,
          22,
          null,
          22,
          null,
          null,
          21,
          21,
          null,
          21,
          21,
          21,
          null,
          68,
          26,
          359891,
          10084,
          10084,
          10064,
          10064,
          null,
          null,
          null,
          26,
          null,
          null,
          null,
          null,
          1,
          null,
          3,
          null,
          3,
          null,
          3,
          null,
          3,
          3,
          null,
          null,
          3,
          3,
          3,
          3,
          null,
          9,
          3,
          156,
          12,
          12,
          9,
          9,
          null,
          9,
          9,
          null,
          null,
          null,
          3,
          null,
          null,
          null,
          null,
          null,
          1,
          0,
          0,
          0,
          0,
          null,
          null,
          0,
          null,
          null,
          null,
          1,
          3,
          null,
          null,
          1,
          286,
          10,
          null,
          9,
          9,
          9,
          9,
          null,
          9,
          null,
          null,
          276,
          null,
          null,
          null,
          1,
          47,
          null,
          2,
          2,
          2,
          null,
          2,
          2,
          2,
          null,
          null,
          2,
          null,
          null,
          null
        ]
      }
    },
    "timestamp": 1757149640
  }
}
